<?xml version="1.0" encoding="UTF-8"?>
<testng-results skipped="0" failed="0" ignored="0" total="1" passed="1">
  <reporter-output>
  </reporter-output>
  <suite name="Default suite" duration-ms="44" started-at="2019-09-07T10:19:40Z" finished-at="2019-09-07T10:19:40Z">
    <groups>
    </groups>
    <test name="Default test" duration-ms="44" started-at="2019-09-07T10:19:40Z" finished-at="2019-09-07T10:19:40Z">
      <class name="TestNGDemo">
        <test-method status="PASS" signature="Demo()[pri:0, instance:TestNGDemo@5034c75a]" name="Demo" duration-ms="18" started-at="2019-09-07T10:19:40Z" finished-at="2019-09-07T10:19:40Z">
          <reporter-output>
          </reporter-output>
        </test-method> <!-- Demo -->
      </class> <!-- TestNGDemo -->
    </test> <!-- Default test -->
  </suite> <!-- Default suite -->
</testng-results>
